AndroidStudioProjects/app/build/outputs/logs/manifest-merger-debug-report.txt
-- Merging decision tree log ---
manifest
ADDED from src/main/AndroidManifest.xml:2:1-115:12
	package
		ADDED from src/main/AndroidManifest.xml:4:5-39
		INJECTED from src/main/AndroidManifest.xml
		INJECTED from src/main/AndroidManifest.xml
	android:versionName
		ADDED from src/main/AndroidManifest.xml:6:5-31
		INJECTED from src/main/AndroidManifest.xml
		INJECTED from src/main/AndroidManifest.xml
	xmlns:tools
		ADDED from src/main/AndroidManifest.xml:3:5-51
	android:versionCode
		ADDED from src/main/AndroidManifest.xml:5:5-30
		INJECTED from src/main/AndroidManifest.xml
		INJECTED from src/main/AndroidManifest.xml
	xmlns:android
		ADDED from src/main/AndroidManifest.xml:2:11-69
uses-permission#android.permission.VIBRATE
ADDED from src/main/AndroidManifest.xml:8:5-66
	android:name
		ADDED from src/main/AndroidManifest.xml:8:22-63
uses-permission#android.permission.BLUETOOTH
ADDED from src/main/AndroidManifest.xml:9:5-68
	android:name
		ADDED from src/main/AndroidManifest.xml:9:22-65
uses-permission#android.permission.BLUETOOTH_ADMIN
ADDED from src/main/AndroidManifest.xml:10:5-74
	android:name
		ADDED from src/main/AndroidManifest.xml:10:22-71
uses-permission#android.permission.ACCESS_DOWNLOAD_MANAGER
ADDED from src/main/AndroidManifest.xml:12:5-82
	android:name
		ADDED from src/main/AndroidManifest.xml:12:22-79
uses-permission#android.permission.ACCESS_WIFI_STATE
ADDED from src/main/AndroidManifest.xml:13:5-76
	android:name
		ADDED from src/main/AndroidManifest.xml:13:22-73
uses-permission#android.permission.CHANGE_WIFI_STATE
ADDED from src/main/AndroidManifest.xml:14:5-76
	android:name
		ADDED from src/main/AndroidManifest.xml:14:22-73
uses-permission#android.permission.INTERNET
ADDED from src/main/AndroidManifest.xml:15:5-67
	android:name
		ADDED from src/main/AndroidManifest.xml:15:22-64
uses-permission#android.permission.READ_PHONE_STATE
ADDED from src/main/AndroidManifest.xml:16:5-75
	android:name
		ADDED from src/main/AndroidManifest.xml:16:22-72
uses-permission#android.permission.BATTERY_STATS
ADDED from src/main/AndroidManifest.xml:32:5-72
	android:name
		ADDED from src/main/AndroidManifest.xml:32:22-69
uses-permission#android.permission.RECEIVE_BOOT_COMPLETED
ADDED from src/main/AndroidManifest.xml:33:5-81
	android:name
		ADDED from src/main/AndroidManifest.xml:33:22-78
uses-permission#android.permission.WAKE_LOCK
ADDED from src/main/AndroidManifest.xml:34:5-68
	android:name
		ADDED from src/main/AndroidManifest.xml:34:22-65
uses-permission#android.permission.WRITE_EXTERNAL_STORAGE
ADDED from src/main/AndroidManifest.xml:35:5-81
	android:name
		ADDED from src/main/AndroidManifest.xml:35:22-78
uses-permission#android.permission.ACCESS_FINE_LOCATION
ADDED from src/main/AndroidManifest.xml:36:5-79
	android:name
		ADDED from src/main/AndroidManifest.xml:36:22-76
uses-permission#android.permission.ACCESS_COARSE_LOCATION
ADDED from src/main/AndroidManifest.xml:37:5-81
	android:name
		ADDED from src/main/AndroidManifest.xml:37:22-78
uses-permission#android.permission.READ_LOGS
ADDED from src/main/AndroidManifest.xml:38:5-68
	android:name
		ADDED from src/main/AndroidManifest.xml:38:22-65
uses-permission#android.permission.ACCESS_NETWORK_STATE
ADDED from src/main/AndroidManifest.xml:39:5-79
	android:name
		ADDED from src/main/AndroidManifest.xml:39:22-76
uses-permission#android.permission.READ_CALENDAR
ADDED from src/main/AndroidManifest.xml:41:5-72
	android:name
		ADDED from src/main/AndroidManifest.xml:41:22-69
uses-permission#android.permission.READ_SMS
ADDED from src/main/AndroidManifest.xml:42:5-67
	android:name
		ADDED from src/main/AndroidManifest.xml:42:22-64
uses-permission#android.permission.READ_CONTACTS
ADDED from src/main/AndroidManifest.xml:43:5-72
	android:name
		ADDED from src/main/AndroidManifest.xml:43:22-69
uses-permission#android.permission.RECEIVE_SMS
ADDED from src/main/AndroidManifest.xml:44:5-70
	android:name
		ADDED from src/main/AndroidManifest.xml:44:22-67
application
ADDED from src/main/AndroidManifest.xml:47:5-109:19
REJECTED from [com.android.support:appcompat-v7:23.4.0] AndroidManifest.xml:25:5-20
REJECTED from [com.android.support:animated-vector-drawable:23.4.0] AndroidManifest.xml:7:5-20
REJECTED from [com.android.support:support-vector-drawable:23.4.0] AndroidManifest.xml:7:5-20
REJECTED from [com.android.support:support-v4:23.4.0] AndroidManifest.xml:22:5-20
	tools:node
		ADDED from src/main/AndroidManifest.xml:50:9-29
	android:label
		ADDED from src/main/AndroidManifest.xml:49:9-41
	android:icon
		ADDED from src/main/AndroidManifest.xml:48:9-38
activity#edu.ucla.cens.systemsens.SystemSensActivity
ADDED from src/main/AndroidManifest.xml:52:9-59:20
	android:label
		ADDED from src/main/AndroidManifest.xml:54:13-45
	android:name
		ADDED from src/main/AndroidManifest.xml:53:13-71
intent-filter#android.intent.action.MAIN+android.intent.category.LAUNCHER
ADDED from src/main/AndroidManifest.xml:55:13-58:29
action#android.intent.action.MAIN
ADDED from src/main/AndroidManifest.xml:56:17-69
	android:name
		ADDED from src/main/AndroidManifest.xml:56:25-66
category#android.intent.category.LAUNCHER
ADDED from src/main/AndroidManifest.xml:57:17-77
	android:name
		ADDED from src/main/AndroidManifest.xml:57:27-74
receiver#edu.ucla.cens.systemsens.SystemSensAlarmReceiver
ADDED from src/main/AndroidManifest.xml:69:9-70
	android:name
		ADDED from src/main/AndroidManifest.xml:69:19-58
receiver#edu.ucla.cens.systemsens.SystemSensStartup
ADDED from src/main/AndroidManifest.xml:79:9-91:20
	android:name
		ADDED from src/main/AndroidManifest.xml:79:19-52
intent-filter#android.intent.action.BOOT_COMPLETED+android.intent.category.HOME+edu.ucla.cens.Updater.Installer.AppInstalled+edu.ucla.cens.Updater.Installer.AppReinstalled
ADDED from src/main/AndroidManifest.xml:80:13-90:29
action#edu.ucla.cens.Updater.Installer.AppInstalled
ADDED from src/main/AndroidManifest.xml:82:17-87
	android:name
		ADDED from src/main/AndroidManifest.xml:82:25-84
action#edu.ucla.cens.Updater.Installer.AppReinstalled
ADDED from src/main/AndroidManifest.xml:83:17-89
	android:name
		ADDED from src/main/AndroidManifest.xml:83:25-86
action#android.intent.action.BOOT_COMPLETED
ADDED from src/main/AndroidManifest.xml:84:17-79
	android:name
		ADDED from src/main/AndroidManifest.xml:84:25-76
category#android.intent.category.HOME
ADDED from src/main/AndroidManifest.xml:85:17-73
	android:name
		ADDED from src/main/AndroidManifest.xml:85:27-70
data
ADDED from src/main/AndroidManifest.xml:86:17-88:48
	android:host
		ADDED from src/main/AndroidManifest.xml:87:21-60
	android:scheme
		ADDED from src/main/AndroidManifest.xml:88:21-45
service#edu.ucla.cens.systemsens.SystemSens
ADDED from src/main/AndroidManifest.xml:94:9-107:19
	android:label
		ADDED from src/main/AndroidManifest.xml:97:13-39
	android:exported
		ADDED from src/main/AndroidManifest.xml:96:13-36
	android:name
		ADDED from src/main/AndroidManifest.xml:95:13-39
intent-filter#android.intent.action.MAIN+android.intent.category.LAUNCHER+edu.ucla.cens.systemsens.IContextMonitor+edu.ucla.cens.systemsens.IPowerMonitor
ADDED from src/main/AndroidManifest.xml:98:13-106:29
action#edu.ucla.cens.systemsens.IPowerMonitor
ADDED from src/main/AndroidManifest.xml:99:17-81
	android:name
		ADDED from src/main/AndroidManifest.xml:99:25-78
action#edu.ucla.cens.systemsens.IContextMonitor
ADDED from src/main/AndroidManifest.xml:100:17-83
	android:name
		ADDED from src/main/AndroidManifest.xml:100:25-80
uses-sdk
ADDED from src/main/AndroidManifest.xml:111:5-114:42
MERGED from [com.android.support:appcompat-v7:23.4.0] AndroidManifest.xml:21:5-23:78
MERGED from [com.android.support:animated-vector-drawable:23.4.0] AndroidManifest.xml:5:5-44
MERGED from [com.android.support:support-vector-drawable:23.4.0] AndroidManifest.xml:5:5-43
MERGED from [com.android.support:support-v4:23.4.0] AndroidManifest.xml:20:5-43
	tools:overrideLibrary
		ADDED from [com.android.support:appcompat-v7:23.4.0] AndroidManifest.xml:23:9-75
	android:targetSdkVersion
		ADDED from src/main/AndroidManifest.xml:113:9-38
		INJECTED from src/main/AndroidManifest.xml
		INJECTED from src/main/AndroidManifest.xml
	tools:ignore
		ADDED from src/main/AndroidManifest.xml:114:9-39
	android:minSdkVersion
		ADDED from src/main/AndroidManifest.xml:112:9-35
		INJECTED from src/main/AndroidManifest.xml
		INJECTED from src/main/AndroidManifest.xml